<?xml version="1.0" encoding="UTF-8"?>
<testsuite name="Cucumber" time="0.561" tests="1" skipped="0" failures="0" errors="0">
<testcase classname="feature to test login functionality" name="check login is succussful with valid credential" time="0.027">
<system-out><![CDATA[
Given user is login page....................................................passed
When user enter username and password.......................................passed
And clicks on login button..................................................passed
Then user is navigated to the home page.....................................passed
]]></system-out>
</testcase>
</testsuite>
